[16:40:05.077] [INFO   ] thread main starting.
[16:40:05.085] [SEVERE ] cannot read configuration file config.properties trying from resources.
[16:40:05.088] [SEVERE ] configuration file was loaded from resources directory.
[16:40:05.093] [SEVERE ] warning: player 1 keys (12) mismatch table size (20).
[16:40:05.093] [SEVERE ] warning: player 2 keys (12) mismatch table size (20).
[16:40:06.051] [INFO   ] thread dealer starting.
[16:40:06.052] [INFO   ] thread dealer starting.
[16:40:06.054] [INFO   ] thread Thread-1 starting.
[16:40:06.054] [INFO   ] thread Thread-3 starting.
[16:40:06.054] [INFO   ] thread Thread-2 starting.
[16:40:06.054] [INFO   ] thread Thread-5 starting.
[16:40:06.056] [INFO   ] thread Thread-6 starting.
[16:40:06.056] [INFO   ] thread Thread-4 starting.
[16:40:06.058] [INFO   ] thread computer-1 starting.
[16:40:06.056] [INFO   ] thread computer-0 starting.
[16:40:06.056] [INFO   ] thread computer-2 starting.
[16:40:06.059] [INFO   ] thread computer-3 starting.
[16:40:06.058] [INFO   ] thread computer-5 starting.
[16:40:06.058] [INFO   ] thread computer-4 starting.
[16:40:06.080] [SEVERE ] placing card 47 in slot 0
[16:40:06.095] [SEVERE ] placing card 51 in slot 5
[16:40:06.126] [SEVERE ] placing card 76 in slot 10
[16:40:06.158] [SEVERE ] placing card 9 in slot 15
[16:40:06.173] [SEVERE ] placing card 20 in slot 1
[16:40:06.188] [SEVERE ] placing card 56 in slot 6
[16:40:06.203] [SEVERE ] placing card 32 in slot 11
[16:40:06.219] [SEVERE ] placing card 53 in slot 16
[16:40:06.234] [SEVERE ] placing card 41 in slot 2
[16:40:06.250] [SEVERE ] placing card 17 in slot 7
[16:40:06.266] [SEVERE ] placing card 10 in slot 12
[16:40:06.283] [SEVERE ] placing card 57 in slot 17
[16:40:06.298] [SEVERE ] placing card 70 in slot 3
[16:40:06.314] [SEVERE ] placing card 25 in slot 8
[16:40:06.329] [SEVERE ] placing card 72 in slot 13
[16:40:06.345] [SEVERE ] placing card 4 in slot 18
[16:40:06.361] [SEVERE ] placing card 36 in slot 4
[16:40:06.376] [SEVERE ] placing card 44 in slot 9
[16:40:06.392] [SEVERE ] placing card 12 in slot 14
[16:40:06.408] [SEVERE ] placing card 68 in slot 19
[16:40:06.409] [SEVERE ] updating countdown to 1250
[16:40:06.424] [SEVERE ] player 6 placing token on slot 7
[16:40:06.424] [SEVERE ] player 3 placing token on slot 18
[16:40:06.424] [SEVERE ] player 2 placing token on slot 6
[16:40:06.424] [SEVERE ] player 5 placing token on slot 8
[16:40:06.424] [SEVERE ] player 1 placing token on slot 4
[16:40:06.424] [SEVERE ] player 4 placing token on slot 8
[16:40:06.437] [SEVERE ] player 2 placing token on slot 1
[16:40:06.437] [SEVERE ] player 3 placing token on slot 15
[16:40:06.437] [SEVERE ] player 6 placing token on slot 4
[16:40:06.440] [SEVERE ] player 5 placing token on slot 14
[16:40:06.440] [SEVERE ] player 4 placing token on slot 0
[16:40:06.440] [SEVERE ] player 1 placing token on slot 11
[16:40:06.449] [SEVERE ] player 2 placing token on slot 17
[16:40:06.451] [SEVERE ] setting player 2 freeze to 1050
[16:40:06.452] [SEVERE ] player 5 placing token on slot 12
[16:40:06.453] [SEVERE ] setting player 5 freeze to 1050
[16:40:06.456] [SEVERE ] player 3 placing token on slot 11
[16:40:06.456] [SEVERE ] player 1 placing token on slot 17
[16:40:06.456] [SEVERE ] player 6 placing token on slot 14
[16:40:06.456] [SEVERE ] player 4 placing token on slot 18
[16:40:06.457] [SEVERE ] setting player 3 freeze to 1050
[16:40:06.457] [SEVERE ] setting player 6 freeze to 1050
[16:40:06.457] [SEVERE ] setting player 1 freeze to 1050
[16:40:06.457] [SEVERE ] setting player 4 freeze to 1050
[16:40:06.519] [SEVERE ] updating countdown to 1150
[16:40:06.549] [SEVERE ] setting player 2 freeze to 0
[16:40:06.552] [SEVERE ] setting player 5 freeze to 0
[16:40:06.555] [SEVERE ] setting player 6 freeze to 0
[16:40:06.556] [SEVERE ] setting player 3 freeze to 0
[16:40:06.556] [SEVERE ] setting player 1 freeze to 0
[16:40:06.556] [SEVERE ] setting player 4 freeze to 0
[16:40:06.628] [SEVERE ] removing player 2 token from slot 17
[16:40:06.628] [SEVERE ] removing player 3 token from slot 15
[16:40:06.644] [SEVERE ] removing player 4 token from slot 18
[16:40:06.644] [SEVERE ] removing player 3 token from slot 18
[16:40:06.644] [SEVERE ] removing player 5 token from slot 12
[16:40:06.644] [SEVERE ] player 2 placing token on slot 10
[16:40:06.645] [SEVERE ] setting player 2 freeze to 1050
[16:40:06.655] [SEVERE ] player 4 placing token on slot 15
[16:40:06.655] [SEVERE ] player 3 placing token on slot 0
[16:40:06.659] [SEVERE ] player 5 placing token on slot 6
[16:40:06.659] [SEVERE ] setting player 4 freeze to 1050
[16:40:06.659] [SEVERE ] setting player 5 freeze to 1050
[16:40:06.667] [SEVERE ] player 3 placing token on slot 6
[16:40:06.671] [SEVERE ] setting player 3 freeze to 1050
[16:40:06.737] [SEVERE ] updating countdown to 0
[16:40:06.750] [SEVERE ] setting player 2 freeze to 0
[16:40:06.751] [SEVERE ] removing tokens from slot 0
[16:40:06.752] [SEVERE ] removing card from slot 0
[16:40:06.759] [SEVERE ] setting player 5 freeze to 0
[16:40:06.764] [SEVERE ] removing tokens from slot 1
[16:40:06.764] [SEVERE ] removing card from slot 1
[16:40:06.766] [SEVERE ] setting player 4 freeze to 0
[16:40:06.770] [SEVERE ] setting player 3 freeze to 0
[16:40:06.777] [SEVERE ] removing tokens from slot 2
[16:40:06.777] [SEVERE ] removing card from slot 2
[16:40:06.799] [SEVERE ] removing tokens from slot 3
[16:40:06.799] [SEVERE ] removing card from slot 3
[16:40:06.815] [SEVERE ] removing tokens from slot 4
[16:40:06.815] [SEVERE ] removing card from slot 4
[16:40:06.830] [SEVERE ] removing tokens from slot 5
[16:40:06.830] [SEVERE ] removing card from slot 5
[16:40:06.838] [SEVERE ] updating countdown to 0
[16:40:06.846] [SEVERE ] removing tokens from slot 6
[16:40:06.846] [SEVERE ] removing card from slot 6
[16:40:06.857] [SEVERE ] removing tokens from slot 7
[16:40:06.857] [SEVERE ] removing card from slot 7
[16:40:06.869] [SEVERE ] removing tokens from slot 8
[16:40:06.869] [SEVERE ] removing card from slot 8
[16:40:06.881] [SEVERE ] removing tokens from slot 9
[16:40:06.881] [SEVERE ] removing card from slot 9
[16:40:06.892] [SEVERE ] removing tokens from slot 10
[16:40:06.892] [SEVERE ] removing card from slot 10
[16:40:06.903] [SEVERE ] removing tokens from slot 11
[16:40:06.903] [SEVERE ] removing card from slot 11
[16:40:06.914] [SEVERE ] removing tokens from slot 12
[16:40:06.914] [SEVERE ] removing card from slot 12
[16:40:06.925] [SEVERE ] removing tokens from slot 13
[16:40:06.925] [SEVERE ] removing card from slot 13
[16:40:06.936] [SEVERE ] removing tokens from slot 14
[16:40:06.936] [SEVERE ] removing card from slot 14
[16:40:06.947] [SEVERE ] removing tokens from slot 15
[16:40:06.947] [SEVERE ] removing card from slot 15
[16:40:06.958] [SEVERE ] removing tokens from slot 16
[16:40:06.958] [SEVERE ] removing card from slot 16
[16:40:06.969] [SEVERE ] removing tokens from slot 17
[16:40:06.969] [SEVERE ] removing card from slot 17
[16:40:06.980] [SEVERE ] removing tokens from slot 18
[16:40:06.980] [SEVERE ] removing card from slot 18
[16:40:06.991] [SEVERE ] removing tokens from slot 19
[16:40:06.991] [SEVERE ] removing card from slot 19
[16:40:07.018] [SEVERE ] placing card 61 in slot 0
[16:40:07.034] [SEVERE ] placing card 13 in slot 5
[16:40:07.049] [SEVERE ] placing card 15 in slot 10
[16:40:07.064] [SEVERE ] placing card 47 in slot 15
[16:40:07.080] [SEVERE ] placing card 7 in slot 1
[16:40:07.095] [SEVERE ] placing card 49 in slot 6
[16:40:07.096] [SEVERE ] updating countdown to 0
[16:40:07.110] [SEVERE ] placing card 52 in slot 11
[16:40:07.125] [SEVERE ] placing card 29 in slot 16
[16:40:07.141] [SEVERE ] placing card 22 in slot 2
[16:40:07.157] [SEVERE ] placing card 38 in slot 7
[16:40:07.173] [SEVERE ] placing card 58 in slot 12
[16:40:07.188] [SEVERE ] placing card 71 in slot 17
[16:40:07.204] [SEVERE ] placing card 69 in slot 3
[16:40:07.204] [SEVERE ] updating countdown to 0
[16:40:07.220] [SEVERE ] placing card 31 in slot 8
[16:40:07.235] [SEVERE ] placing card 44 in slot 13
[16:40:07.252] [SEVERE ] placing card 3 in slot 18
[16:40:07.267] [SEVERE ] placing card 26 in slot 4
[16:40:07.282] [SEVERE ] placing card 57 in slot 9
[16:40:07.298] [SEVERE ] placing card 77 in slot 14
[16:40:07.314] [SEVERE ] placing card 8 in slot 19
[16:40:07.314] [SEVERE ] updating countdown to 0
[16:40:07.329] [SEVERE ] player 5 placing token on slot 13
[16:40:07.329] [SEVERE ] player 1 placing token on slot 18
[16:40:07.329] [SEVERE ] player 6 placing token on slot 8
[16:40:07.329] [SEVERE ] player 4 placing token on slot 13
[16:40:07.329] [SEVERE ] player 2 placing token on slot 17
[16:40:07.329] [SEVERE ] player 3 placing token on slot 1
[16:40:07.340] [SEVERE ] player 4 placing token on slot 9
[16:40:07.340] [SEVERE ] player 1 placing token on slot 7
[16:40:07.340] [SEVERE ] player 6 placing token on slot 19
[16:40:07.340] [SEVERE ] player 5 placing token on slot 12
[16:40:07.344] [SEVERE ] player 2 placing token on slot 9
[16:40:07.344] [SEVERE ] player 3 placing token on slot 2
[16:40:07.350] [SEVERE ] player 4 placing token on slot 12
[16:40:07.350] [SEVERE ] player 1 placing token on slot 5
[16:40:07.350] [SEVERE ] setting player 4 freeze to 1050
[16:40:07.350] [SEVERE ] setting player 1 freeze to 1050
[16:40:07.359] [SEVERE ] player 3 placing token on slot 9
[16:40:07.359] [SEVERE ] player 2 placing token on slot 18
[16:40:07.359] [SEVERE ] player 6 placing token on slot 2
[16:40:07.359] [SEVERE ] player 5 placing token on slot 8
[16:40:07.359] [SEVERE ] setting player 3 freeze to 1050
[16:40:07.359] [SEVERE ] setting player 2 freeze to 1050
[16:40:07.361] [SEVERE ] setting player 5 freeze to 1050
[16:40:07.361] [SEVERE ] setting player 6 freeze to 1050
[16:40:07.423] [SEVERE ] updating countdown to 1250
[16:40:07.450] [SEVERE ] setting player 4 freeze to 0
[16:40:07.450] [SEVERE ] setting player 1 freeze to 0
[16:40:07.459] [SEVERE ] setting player 6 freeze to 0
[16:40:07.459] [SEVERE ] setting player 2 freeze to 0
[16:40:07.459] [SEVERE ] setting player 3 freeze to 0
[16:40:07.459] [SEVERE ] setting player 5 freeze to 0
[16:40:07.472] [SEVERE ] removing player 1 token from slot 18
[16:40:07.485] [SEVERE ] removing player 5 token from slot 13
[16:40:07.485] [SEVERE ] player 1 placing token on slot 12
[16:40:07.487] [SEVERE ] setting player 1 freeze to 1050
[16:40:07.501] [SEVERE ] removing player 6 token from slot 19
[16:40:07.501] [SEVERE ] player 5 placing token on slot 3
[16:40:07.503] [SEVERE ] setting player 5 freeze to 1050
[16:40:07.514] [SEVERE ] player 6 placing token on slot 0
[16:40:07.515] [SEVERE ] setting player 6 freeze to 1050
[16:40:07.522] [SEVERE ] removing player 2 token from slot 9
[16:40:07.524] [SEVERE ] updating countdown to 1150
[16:40:07.535] [SEVERE ] player 2 placing token on slot 11
[16:40:07.537] [SEVERE ] setting player 2 freeze to 1050
[16:40:07.543] [SEVERE ] removing player 3 token from slot 2
[16:40:07.556] [SEVERE ] player 3 placing token on slot 17
[16:40:07.557] [SEVERE ] setting player 3 freeze to 1050
[16:40:07.565] [SEVERE ] removing player 4 token from slot 13
[16:40:07.578] [SEVERE ] player 4 placing token on slot 3
[16:40:07.579] [SEVERE ] setting player 4 freeze to 1050
[16:40:07.585] [SEVERE ] setting player 1 freeze to 0
[16:40:07.602] [SEVERE ] setting player 5 freeze to 0
[16:40:07.615] [SEVERE ] setting player 6 freeze to 0
[16:40:07.618] [SEVERE ] removing player 5 token from slot 3
[16:40:07.629] [SEVERE ] player 5 placing token on slot 13
[16:40:07.631] [SEVERE ] setting player 5 freeze to 1050
[16:40:07.632] [SEVERE ] removing player 6 token from slot 8
[16:40:07.636] [SEVERE ] setting player 2 freeze to 0
[16:40:07.644] [SEVERE ] removing player 6 token from slot 0
[16:40:07.649] [SEVERE ] removing player 1 token from slot 7
[16:40:07.655] [SEVERE ] player 6 placing token on slot 12
[16:40:07.659] [SEVERE ] setting player 3 freeze to 0
[16:40:07.660] [SEVERE ] removing player 1 token from slot 5
[16:40:07.666] [SEVERE ] player 6 placing token on slot 18
[16:40:07.668] [SEVERE ] setting player 6 freeze to 1050
[16:40:07.674] [SEVERE ] player 1 placing token on slot 19
[16:40:07.678] [SEVERE ] setting player 4 freeze to 0
[16:40:07.685] [SEVERE ] player 1 placing token on slot 16
[16:40:07.686] [SEVERE ] setting player 1 freeze to 1050
[16:40:07.707] [SEVERE ] removing player 4 token from slot 9
[16:40:07.718] [SEVERE ] player 4 placing token on slot 7
[16:40:07.719] [SEVERE ] setting player 4 freeze to 1050
[16:40:07.729] [SEVERE ] updating countdown to 0
[16:40:07.730] [SEVERE ] setting player 5 freeze to 0
[16:40:07.740] [SEVERE ] removing tokens from slot 0
[16:40:07.740] [SEVERE ] removing card from slot 0
[16:40:07.752] [SEVERE ] removing tokens from slot 1
[16:40:07.752] [SEVERE ] removing card from slot 1
[16:40:07.764] [SEVERE ] removing tokens from slot 2
[16:40:07.764] [SEVERE ] removing card from slot 2
[16:40:07.771] [SEVERE ] setting player 6 freeze to 0
[16:40:07.775] [SEVERE ] removing tokens from slot 3
[16:40:07.775] [SEVERE ] removing card from slot 3
[16:40:07.786] [SEVERE ] setting player 1 freeze to 0
[16:40:07.787] [SEVERE ] removing tokens from slot 4
[16:40:07.787] [SEVERE ] removing card from slot 4
[16:40:07.798] [SEVERE ] removing tokens from slot 5
[16:40:07.798] [SEVERE ] removing card from slot 5
[16:40:07.809] [SEVERE ] removing tokens from slot 6
[16:40:07.809] [SEVERE ] removing card from slot 6
[16:40:07.820] [SEVERE ] removing tokens from slot 7
[16:40:07.820] [SEVERE ] removing card from slot 7
[16:40:07.831] [SEVERE ] updating countdown to 0
[16:40:07.832] [SEVERE ] removing tokens from slot 8
[16:40:07.832] [SEVERE ] removing card from slot 8
[16:40:07.844] [SEVERE ] removing tokens from slot 9
[16:40:07.844] [SEVERE ] removing card from slot 9
[16:40:07.855] [SEVERE ] removing tokens from slot 10
[16:40:07.855] [SEVERE ] removing card from slot 10
[16:40:07.860] [SEVERE ] setting player 4 freeze to 0
[16:40:07.866] [SEVERE ] removing tokens from slot 11
[16:40:07.866] [SEVERE ] removing card from slot 11
[16:40:07.878] [SEVERE ] removing tokens from slot 12
[16:40:07.878] [SEVERE ] removing card from slot 12
[16:40:07.889] [SEVERE ] removing tokens from slot 13
[16:40:07.889] [SEVERE ] removing card from slot 13
[16:40:07.900] [SEVERE ] removing tokens from slot 14
[16:40:07.900] [SEVERE ] removing card from slot 14
[16:40:07.911] [SEVERE ] removing tokens from slot 15
[16:40:07.911] [SEVERE ] removing card from slot 15
[16:40:07.922] [SEVERE ] removing tokens from slot 16
[16:40:07.922] [SEVERE ] removing card from slot 16
[16:40:07.933] [SEVERE ] removing tokens from slot 17
[16:40:07.933] [SEVERE ] removing card from slot 17
[16:40:07.944] [SEVERE ] removing tokens from slot 18
[16:40:07.944] [SEVERE ] removing card from slot 18
[16:40:07.955] [SEVERE ] removing tokens from slot 19
[16:40:07.955] [SEVERE ] removing card from slot 19
[16:40:07.972] [SEVERE ] placing card 50 in slot 0
[16:40:07.988] [SEVERE ] placing card 59 in slot 5
[16:40:08.003] [SEVERE ] placing card 11 in slot 10
[16:40:08.019] [SEVERE ] placing card 51 in slot 15
[16:40:08.035] [SEVERE ] placing card 34 in slot 1
[16:40:08.051] [SEVERE ] placing card 69 in slot 6
[16:40:08.066] [SEVERE ] updating countdown to 0
[16:40:08.066] [SEVERE ] placing card 38 in slot 11
[16:40:08.082] [SEVERE ] placing card 39 in slot 16
[16:40:08.097] [SEVERE ] placing card 12 in slot 2
[16:40:08.113] [SEVERE ] placing card 78 in slot 7
[16:40:08.129] [SEVERE ] placing card 24 in slot 12
[16:40:08.144] [SEVERE ] placing card 14 in slot 17
[16:40:08.160] [SEVERE ] placing card 62 in slot 3
[16:40:08.176] [SEVERE ] updating countdown to 0
[16:40:08.176] [SEVERE ] placing card 19 in slot 8
[16:40:08.192] [SEVERE ] placing card 71 in slot 13
[16:40:08.208] [SEVERE ] placing card 42 in slot 18
[16:40:08.224] [SEVERE ] placing card 33 in slot 4
[16:40:08.240] [SEVERE ] placing card 28 in slot 9
[16:40:08.255] [SEVERE ] placing card 21 in slot 14
[16:40:08.271] [SEVERE ] placing card 76 in slot 19
[16:40:08.287] [SEVERE ] updating countdown to 1250
[16:40:08.287] [SEVERE ] player 6 placing token on slot 9
[16:40:08.287] [SEVERE ] player 3 placing token on slot 17
[16:40:08.287] [SEVERE ] player 2 placing token on slot 19
[16:40:08.287] [SEVERE ] player 5 placing token on slot 1
[16:40:08.287] [SEVERE ] player 1 placing token on slot 14
[16:40:08.287] [SEVERE ] player 4 placing token on slot 3
[16:40:08.299] [SEVERE ] player 3 placing token on slot 15
[16:40:08.299] [SEVERE ] player 6 placing token on slot 1
[16:40:08.302] [SEVERE ] player 2 placing token on slot 0
[16:40:08.302] [SEVERE ] player 5 placing token on slot 7
[16:40:08.302] [SEVERE ] player 4 placing token on slot 17
[16:40:08.302] [SEVERE ] player 1 placing token on slot 8
[16:40:08.313] [SEVERE ] player 2 placing token on slot 13
[16:40:08.314] [SEVERE ] player 5 placing token on slot 9
[16:40:08.314] [SEVERE ] setting player 2 freeze to 1050
[16:40:08.315] [SEVERE ] setting player 5 freeze to 1050
[16:40:08.318] [SEVERE ] player 1 placing token on slot 0
[16:40:08.318] [SEVERE ] player 3 placing token on slot 1
[16:40:08.318] [SEVERE ] player 6 placing token on slot 13
[16:40:08.318] [SEVERE ] player 4 placing token on slot 1
[16:40:08.319] [SEVERE ] setting player 1 freeze to 1050
[16:40:08.319] [SEVERE ] setting player 3 freeze to 1050
[16:40:08.320] [SEVERE ] setting player 6 freeze to 1050
[16:40:08.320] [SEVERE ] setting player 4 freeze to 1050
[16:40:08.388] [SEVERE ] updating countdown to 1150
[16:40:08.412] [SEVERE ] setting player 2 freeze to 0
[16:40:08.414] [SEVERE ] setting player 5 freeze to 0
[16:40:08.419] [SEVERE ] setting player 1 freeze to 0
[16:40:08.419] [SEVERE ] setting player 3 freeze to 0
[16:40:08.419] [SEVERE ] setting player 4 freeze to 0
[16:40:08.419] [SEVERE ] setting player 6 freeze to 0
[16:40:08.422] [SEVERE ] removing player 2 token from slot 0
[16:40:08.442] [SEVERE ] removing player 4 token from slot 1
[16:40:08.442] [SEVERE ] removing player 2 token from slot 19
[16:40:08.458] [SEVERE ] player 4 placing token on slot 13
[16:40:08.458] [SEVERE ] player 2 placing token on slot 9
[16:40:08.459] [SEVERE ] setting player 4 freeze to 1050
[16:40:08.474] [SEVERE ] player 2 placing token on slot 10
[16:40:08.475] [SEVERE ] setting player 2 freeze to 1050
[16:40:08.484] [SEVERE ] removing player 3 token from slot 1
[16:40:08.495] [SEVERE ] player 3 placing token on slot 14
[16:40:08.495] [SEVERE ] removing player 6 token from slot 1
[16:40:08.496] [SEVERE ] setting player 3 freeze to 1050
[16:40:08.506] [SEVERE ] removing player 1 token from slot 8
[16:40:08.506] [SEVERE ] player 6 placing token on slot 16
[16:40:08.506] [SEVERE ] removing player 5 token from slot 9
[16:40:08.507] [SEVERE ] setting player 6 freeze to 1050
[16:40:08.518] [SEVERE ] player 1 placing token on slot 12
[16:40:08.518] [SEVERE ] player 5 placing token on slot 10
[16:40:08.520] [SEVERE ] setting player 1 freeze to 1050
[16:40:08.520] [SEVERE ] setting player 5 freeze to 1050
[16:40:08.557] [SEVERE ] setting player 4 freeze to 0
[16:40:08.575] [SEVERE ] setting player 2 freeze to 0
[16:40:08.582] [SEVERE ] removing player 4 token from slot 3
[16:40:08.592] [SEVERE ] updating countdown to 0
[16:40:08.595] [SEVERE ] setting player 3 freeze to 0
[16:40:08.605] [SEVERE ] removing tokens from slot 0
[16:40:08.605] [SEVERE ] removing card from slot 0
[16:40:08.606] [SEVERE ] setting player 6 freeze to 0
[16:40:08.618] [SEVERE ] removing tokens from slot 1
[16:40:08.618] [SEVERE ] setting player 1 freeze to 0
[16:40:08.618] [SEVERE ] removing card from slot 1
[16:40:08.618] [SEVERE ] setting player 5 freeze to 0
[16:40:08.630] [SEVERE ] removing tokens from slot 2
[16:40:08.630] [SEVERE ] removing card from slot 2
[16:40:08.645] [SEVERE ] removing tokens from slot 3
[16:40:08.645] [SEVERE ] removing card from slot 3
[16:40:08.661] [SEVERE ] removing tokens from slot 4
[16:40:08.661] [SEVERE ] removing card from slot 4
[16:40:08.676] [SEVERE ] removing tokens from slot 5
[16:40:08.676] [SEVERE ] removing card from slot 5
[16:40:08.692] [SEVERE ] removing tokens from slot 6
[16:40:08.692] [SEVERE ] removing card from slot 6
[16:40:08.694] [SEVERE ] updating countdown to 0
[16:40:08.703] [SEVERE ] removing tokens from slot 7
[16:40:08.703] [SEVERE ] removing card from slot 7
[16:40:08.715] [SEVERE ] removing tokens from slot 8
[16:40:08.715] [SEVERE ] removing card from slot 8
[16:40:08.726] [SEVERE ] removing tokens from slot 9
[16:40:08.726] [SEVERE ] removing card from slot 9
[16:40:08.738] [SEVERE ] removing tokens from slot 10
[16:40:08.738] [SEVERE ] removing card from slot 10
[16:40:08.751] [SEVERE ] removing tokens from slot 11
[16:40:08.751] [SEVERE ] removing card from slot 11
[16:40:08.761] [SEVERE ] removing tokens from slot 12
[16:40:08.761] [SEVERE ] removing card from slot 12
[16:40:08.773] [SEVERE ] removing tokens from slot 13
[16:40:08.773] [SEVERE ] removing card from slot 13
[16:40:08.784] [SEVERE ] removing tokens from slot 14
[16:40:08.784] [SEVERE ] removing card from slot 14
[16:40:08.795] [SEVERE ] removing tokens from slot 15
[16:40:08.795] [SEVERE ] removing card from slot 15
[16:40:08.806] [SEVERE ] removing tokens from slot 16
[16:40:08.806] [SEVERE ] removing card from slot 16
[16:40:08.817] [SEVERE ] removing tokens from slot 17
[16:40:08.817] [SEVERE ] removing card from slot 17
[16:40:08.828] [SEVERE ] removing tokens from slot 18
[16:40:08.828] [SEVERE ] removing card from slot 18
[16:40:08.839] [SEVERE ] removing tokens from slot 19
[16:40:08.839] [SEVERE ] removing card from slot 19
[16:40:08.866] [SEVERE ] placing card 38 in slot 0
[16:40:08.881] [SEVERE ] placing card 23 in slot 5
[16:40:08.896] [SEVERE ] placing card 17 in slot 10
[16:40:08.912] [SEVERE ] placing card 37 in slot 15
[16:40:08.928] [SEVERE ] placing card 35 in slot 1
[16:40:08.944] [SEVERE ] placing card 11 in slot 6
[16:40:08.944] [SEVERE ] updating countdown to 0
[16:40:08.959] [SEVERE ] placing card 14 in slot 11
[16:40:08.974] [SEVERE ] placing card 27 in slot 16
[16:40:08.990] [SEVERE ] placing card 69 in slot 2
[16:40:09.005] [SEVERE ] placing card 68 in slot 7
[16:40:09.021] [SEVERE ] placing card 71 in slot 12
[16:40:09.037] [SEVERE ] placing card 1 in slot 17
[16:40:09.052] [SEVERE ] updating countdown to 0
[16:40:09.052] [SEVERE ] placing card 62 in slot 3
[16:40:09.068] [SEVERE ] placing card 47 in slot 8
[16:40:09.084] [SEVERE ] placing card 39 in slot 13
[16:40:09.099] [SEVERE ] placing card 77 in slot 18
[16:40:09.115] [SEVERE ] placing card 19 in slot 4
[16:40:09.130] [SEVERE ] placing card 33 in slot 9
[16:40:09.146] [SEVERE ] placing card 72 in slot 14
[16:40:09.162] [SEVERE ] placing card 20 in slot 19
[16:40:09.162] [SEVERE ] updating countdown to 0
[16:40:09.178] [SEVERE ] player 5 placing token on slot 19
[16:40:09.178] [SEVERE ] player 3 placing token on slot 3
[16:40:09.178] [SEVERE ] player 2 placing token on slot 5
[16:40:09.178] [SEVERE ] player 4 placing token on slot 7
[16:40:09.178] [SEVERE ] player 6 placing token on slot 15
[16:40:09.178] [SEVERE ] player 1 placing token on slot 4
[16:40:09.193] [SEVERE ] player 5 placing token on slot 9
[16:40:09.193] [SEVERE ] player 6 placing token on slot 3
[16:40:09.193] [SEVERE ] player 1 placing token on slot 14
[16:40:09.193] [SEVERE ] player 2 placing token on slot 16
[16:40:09.193] [SEVERE ] removing player 3 token from slot 3
[16:40:09.193] [SEVERE ] player 4 placing token on slot 12
[16:40:09.204] [SEVERE ] player 5 placing token on slot 12
[16:40:09.205] [SEVERE ] player 1 placing token on slot 13
[16:40:09.205] [SEVERE ] setting player 5 freeze to 1050
[16:40:09.205] [SEVERE ] player 2 placing token on slot 2
[16:40:09.205] [SEVERE ] player 6 placing token on slot 7
[16:40:09.207] [SEVERE ] setting player 1 freeze to 1050
[16:40:09.207] [SEVERE ] setting player 2 freeze to 1050
[16:40:09.207] [SEVERE ] setting player 6 freeze to 1050
[16:40:09.209] [SEVERE ] player 4 placing token on slot 4
[16:40:09.209] [SEVERE ] player 3 placing token on slot 2
[16:40:09.209] [SEVERE ] setting player 4 freeze to 1050
[16:40:09.219] [SEVERE ] player 3 placing token on slot 12
[16:40:09.230] [SEVERE ] player 3 placing token on slot 5
[16:40:09.231] [SEVERE ] setting player 3 freeze to 1050
[16:40:09.271] [SEVERE ] updating countdown to 1250
[16:40:09.304] [SEVERE ] setting player 5 freeze to 0
[16:40:09.305] [SEVERE ] setting player 6 freeze to 0
[16:40:09.305] [SEVERE ] setting player 1 freeze to 0
[16:40:09.306] [SEVERE ] setting player 2 freeze to 0
[16:40:09.307] [SEVERE ] setting player 4 freeze to 0
[16:40:09.310] [SEVERE ] removing player 1 token from slot 14
[16:40:09.320] [SEVERE ] removing player 5 token from slot 12
[16:40:09.322] [SEVERE ] player 1 placing token on slot 11
[16:40:09.323] [SEVERE ] setting player 1 freeze to 1050
[16:40:09.330] [SEVERE ] setting player 3 freeze to 0
[16:40:09.331] [SEVERE ] player 5 placing token on slot 10
[16:40:09.331] [SEVERE ] removing player 6 token from slot 7
[16:40:09.332] [SEVERE ] setting player 5 freeze to 1050
[16:40:09.342] [SEVERE ] removing player 2 token from slot 2
[16:40:09.342] [SEVERE ] player 6 placing token on slot 5
[16:40:09.343] [SEVERE ] setting player 6 freeze to 1050
[16:40:09.353] [SEVERE ] player 2 placing token on slot 0
[16:40:09.354] [SEVERE ] setting player 2 freeze to 1050
[16:40:09.359] [SEVERE ] removing player 4 token from slot 4
[16:40:09.372] [SEVERE ] updating countdown to 1150
[16:40:09.372] [SEVERE ] removing player 4 token from slot 7
[16:40:09.381] [SEVERE ] removing player 3 token from slot 5
[16:40:09.383] [SEVERE ] player 4 placing token on slot 15
[16:40:09.391] [SEVERE ] removing player 3 token from slot 2
[16:40:09.395] [SEVERE ] player 4 placing token on slot 2
[16:40:09.397] [SEVERE ] setting player 4 freeze to 1050
[16:40:09.404] [SEVERE ] player 3 placing token on slot 4
[16:40:09.416] [SEVERE ] player 3 placing token on slot 14
[16:40:09.417] [SEVERE ] setting player 3 freeze to 1050
[16:40:09.422] [SEVERE ] setting player 1 freeze to 0
[16:40:09.430] [SEVERE ] setting player 5 freeze to 0
[16:40:09.441] [SEVERE ] setting player 6 freeze to 0
[16:40:09.448] [SEVERE ] removing player 6 token from slot 3
[16:40:09.452] [SEVERE ] setting player 2 freeze to 0
[16:40:09.459] [SEVERE ] player 6 placing token on slot 17
[16:40:09.460] [SEVERE ] setting player 6 freeze to 1050
[16:40:09.479] [SEVERE ] removing player 2 token from slot 0
[16:40:09.490] [SEVERE ] player 2 placing token on slot 18
[16:40:09.491] [SEVERE ] setting player 2 freeze to 1050
[16:40:09.496] [SEVERE ] setting player 4 freeze to 0
[16:40:09.498] [SEVERE ] removing player 5 token from slot 19
[16:40:09.501] [SEVERE ] removing player 1 token from slot 11
[16:40:09.510] [SEVERE ] player 5 placing token on slot 17
[16:40:09.511] [SEVERE ] setting player 5 freeze to 1050
[16:40:09.512] [SEVERE ] player 1 placing token on slot 12
[16:40:09.513] [SEVERE ] setting player 1 freeze to 1050
[16:40:09.515] [SEVERE ] setting player 3 freeze to 0
[16:40:09.541] [SEVERE ] removing player 3 token from slot 4
[16:40:09.553] [SEVERE ] player 3 placing token on slot 7
[16:40:09.554] [SEVERE ] setting player 3 freeze to 1050
[16:40:09.559] [SEVERE ] setting player 6 freeze to 0
[16:40:09.573] [SEVERE ] updating countdown to 0
[16:40:09.585] [SEVERE ] removing tokens from slot 0
[16:40:09.585] [SEVERE ] removing card from slot 0
[16:40:09.589] [SEVERE ] setting player 2 freeze to 0
[16:40:09.597] [SEVERE ] removing tokens from slot 1
[16:40:09.597] [SEVERE ] removing card from slot 1
[16:40:09.608] [SEVERE ] removing tokens from slot 2
[16:40:09.608] [SEVERE ] removing card from slot 2
[16:40:09.611] [SEVERE ] setting player 5 freeze to 0
[16:40:09.613] [SEVERE ] setting player 1 freeze to 0
[16:40:09.619] [SEVERE ] removing tokens from slot 3
[16:40:09.619] [SEVERE ] removing card from slot 3
[16:40:09.630] [SEVERE ] removing tokens from slot 4
[16:40:09.630] [SEVERE ] removing card from slot 4
[16:40:09.641] [SEVERE ] removing tokens from slot 5
[16:40:09.641] [SEVERE ] removing card from slot 5
[16:40:09.653] [SEVERE ] removing tokens from slot 6
[16:40:09.653] [SEVERE ] removing card from slot 6
[16:40:09.654] [SEVERE ] setting player 3 freeze to 0
[16:40:09.665] [SEVERE ] removing tokens from slot 7
[16:40:09.665] [SEVERE ] removing card from slot 7
[16:40:09.676] [SEVERE ] updating countdown to 0
[16:40:09.679] [SEVERE ] removing tokens from slot 8
[16:40:09.679] [SEVERE ] removing card from slot 8
[16:40:09.690] [SEVERE ] removing tokens from slot 9
[16:40:09.690] [SEVERE ] removing card from slot 9
[16:40:09.702] [SEVERE ] removing tokens from slot 10
[16:40:09.702] [SEVERE ] removing card from slot 10
[16:40:09.713] [SEVERE ] removing tokens from slot 11
[16:40:09.713] [SEVERE ] removing card from slot 11
[16:40:09.724] [SEVERE ] removing tokens from slot 12
[16:40:09.724] [SEVERE ] removing card from slot 12
[16:40:09.735] [SEVERE ] removing tokens from slot 13
[16:40:09.735] [SEVERE ] removing card from slot 13
[16:40:09.747] [SEVERE ] removing tokens from slot 14
[16:40:09.747] [SEVERE ] removing card from slot 14
[16:40:09.758] [SEVERE ] removing tokens from slot 15
[16:40:09.758] [SEVERE ] removing card from slot 15
[16:40:09.769] [SEVERE ] removing tokens from slot 16
[16:40:09.769] [SEVERE ] removing card from slot 16
[16:40:09.780] [SEVERE ] removing tokens from slot 17
[16:40:09.780] [SEVERE ] removing card from slot 17
[16:40:09.792] [SEVERE ] removing tokens from slot 18
[16:40:09.792] [SEVERE ] removing card from slot 18
[16:40:09.803] [SEVERE ] removing tokens from slot 19
[16:40:09.803] [SEVERE ] removing card from slot 19
[16:40:09.820] [SEVERE ] placing card 51 in slot 0
[16:40:09.836] [SEVERE ] placing card 22 in slot 5
[16:40:09.852] [SEVERE ] placing card 40 in slot 10
[16:40:09.867] [SEVERE ] placing card 56 in slot 15
[16:40:09.883] [SEVERE ] placing card 49 in slot 1
[16:40:09.899] [SEVERE ] placing card 73 in slot 6
[16:40:09.915] [SEVERE ] placing card 80 in slot 11
[16:40:09.915] [SEVERE ] updating countdown to 0
[16:40:09.931] [SEVERE ] placing card 61 in slot 16
[16:40:09.947] [SEVERE ] placing card 4 in slot 2
[16:40:09.962] [SEVERE ] placing card 14 in slot 7
[16:40:09.978] [SEVERE ] placing card 36 in slot 12
[16:40:09.993] [SEVERE ] placing card 1 in slot 17
[16:40:10.009] [SEVERE ] placing card 34 in slot 3
[16:40:10.025] [SEVERE ] updating countdown to 0
[16:40:10.025] [SEVERE ] placing card 71 in slot 8
[16:40:10.041] [SEVERE ] placing card 35 in slot 13
[16:40:10.057] [SEVERE ] placing card 31 in slot 18
[16:40:10.073] [SEVERE ] placing card 47 in slot 4
[16:40:10.089] [SEVERE ] placing card 59 in slot 9
[16:40:10.105] [SEVERE ] placing card 6 in slot 14
[16:40:10.121] [SEVERE ] placing card 65 in slot 19
[16:40:10.136] [SEVERE ] player 2 placing token on slot 12
[16:40:10.136] [SEVERE ] updating countdown to 1250
[16:40:10.136] [SEVERE ] player 1 placing token on slot 8
[16:40:10.136] [SEVERE ] player 3 placing token on slot 11
[16:40:10.136] [SEVERE ] player 4 placing token on slot 19
[16:40:10.136] [SEVERE ] player 6 placing token on slot 2
[16:40:10.136] [SEVERE ] player 5 placing token on slot 12
[16:40:10.148] [SEVERE ] player 2 placing token on slot 5
[16:40:10.148] [SEVERE ] player 1 placing token on slot 7
[16:40:10.148] [SEVERE ] player 4 placing token on slot 2
[16:40:10.148] [SEVERE ] player 3 placing token on slot 13
[16:40:10.152] [SEVERE ] player 6 placing token on slot 4
[16:40:10.152] [SEVERE ] player 5 placing token on slot 13
[16:40:10.159] [SEVERE ] player 1 placing token on slot 19
[16:40:10.160] [SEVERE ] player 2 placing token on slot 18
[16:40:10.160] [SEVERE ] setting player 1 freeze to 1050
[16:40:10.161] [SEVERE ] setting player 2 freeze to 1050
[16:40:10.168] [SEVERE ] player 4 placing token on slot 10
[16:40:10.168] [SEVERE ] removing player 5 token from slot 12
[16:40:10.168] [SEVERE ] player 3 placing token on slot 1
[16:40:10.168] [SEVERE ] player 6 placing token on slot 13
[16:40:10.169] [SEVERE ] setting player 4 freeze to 1050
[16:40:10.169] [SEVERE ] setting player 3 freeze to 1050
[16:40:10.169] [SEVERE ] setting player 6 freeze to 1050
[16:40:10.180] [SEVERE ] player 5 placing token on slot 16
[16:40:10.192] [SEVERE ] player 5 placing token on slot 6
[16:40:10.193] [SEVERE ] setting player 5 freeze to 1050
[16:40:10.237] [SEVERE ] updating countdown to 1150
[16:40:10.259] [SEVERE ] setting player 1 freeze to 0
[16:40:10.259] [SEVERE ] setting player 2 freeze to 0
[16:40:10.268] [SEVERE ] setting player 3 freeze to 0
[16:40:10.268] [SEVERE ] setting player 4 freeze to 0
[16:40:10.268] [SEVERE ] setting player 6 freeze to 0
[16:40:10.269] [SEVERE ] removing player 2 token from slot 5
[16:40:10.280] [SEVERE ] player 2 placing token on slot 10
[16:40:10.281] [SEVERE ] setting player 2 freeze to 1050
[16:40:10.283] [SEVERE ] removing player 3 token from slot 1
[16:40:10.286] [SEVERE ] removing player 1 token from slot 7
[16:40:10.293] [SEVERE ] setting player 5 freeze to 0
[16:40:10.293] [SEVERE ] player 3 placing token on slot 12
[16:40:10.294] [SEVERE ] setting player 3 freeze to 1050
[16:40:10.297] [SEVERE ] player 1 placing token on slot 4
[16:40:10.297] [SEVERE ] removing player 4 token from slot 2
[16:40:10.298] [SEVERE ] setting player 1 freeze to 1050
[16:40:10.308] [SEVERE ] player 4 placing token on slot 1
[16:40:10.309] [SEVERE ] setting player 4 freeze to 1050
[16:40:10.349] [SEVERE ] removing player 5 token from slot 6
[16:40:10.361] [SEVERE ] player 5 placing token on slot 7
[16:40:10.362] [SEVERE ] setting player 5 freeze to 1050
[16:40:10.380] [SEVERE ] setting player 2 freeze to 0
[16:40:10.393] [SEVERE ] setting player 3 freeze to 0
[16:40:10.397] [SEVERE ] setting player 1 freeze to 0
[16:40:10.408] [SEVERE ] setting player 4 freeze to 0
[16:40:10.413] [SEVERE ] removing player 4 token from slot 1
[16:40:10.426] [SEVERE ] removing player 2 token from slot 10
[16:40:10.426] [SEVERE ] player 4 placing token on slot 7
[16:40:10.426] [SEVERE ] setting player 4 freeze to 1050
[16:40:10.436] [SEVERE ] player 2 placing token on slot 11
[16:40:10.437] [SEVERE ] setting player 2 freeze to 1050
[16:40:10.441] [SEVERE ] updating countdown to 0
[16:40:10.452] [SEVERE ] removing tokens from slot 0
[16:40:10.452] [SEVERE ] removing card from slot 0
[16:40:10.461] [SEVERE ] setting player 5 freeze to 0
[16:40:10.464] [SEVERE ] removing tokens from slot 1
[16:40:10.464] [SEVERE ] removing card from slot 1
[16:40:10.475] [SEVERE ] removing tokens from slot 2
[16:40:10.475] [SEVERE ] removing card from slot 2
[16:40:10.486] [SEVERE ] removing tokens from slot 3
[16:40:10.486] [SEVERE ] removing card from slot 3
[16:40:10.497] [SEVERE ] removing tokens from slot 4
[16:40:10.497] [SEVERE ] removing card from slot 4
[16:40:10.507] [SEVERE ] removing tokens from slot 5
[16:40:10.507] [SEVERE ] removing card from slot 5
[16:40:10.518] [SEVERE ] removing tokens from slot 6
[16:40:10.518] [SEVERE ] removing card from slot 6
[16:40:10.526] [SEVERE ] setting player 4 freeze to 0
[16:40:10.531] [SEVERE ] removing tokens from slot 7
[16:40:10.531] [SEVERE ] removing card from slot 7
[16:40:10.536] [SEVERE ] setting player 2 freeze to 0
[16:40:10.543] [SEVERE ] removing tokens from slot 8
[16:40:10.543] [SEVERE ] updating countdown to 0
[16:40:10.544] [SEVERE ] removing card from slot 8
[16:40:10.555] [SEVERE ] removing tokens from slot 9
[16:40:10.555] [SEVERE ] removing card from slot 9
[16:40:10.566] [SEVERE ] removing tokens from slot 10
[16:40:10.566] [SEVERE ] removing card from slot 10
[16:40:10.577] [SEVERE ] removing tokens from slot 11
[16:40:10.577] [SEVERE ] removing card from slot 11
[16:40:10.588] [SEVERE ] removing tokens from slot 12
[16:40:10.588] [SEVERE ] removing card from slot 12
[16:40:10.599] [SEVERE ] removing tokens from slot 13
[16:40:10.599] [SEVERE ] removing card from slot 13
[16:40:10.610] [SEVERE ] removing tokens from slot 14
[16:40:10.610] [SEVERE ] removing card from slot 14
[16:40:10.614] [SEVERE ] exit button pressed
[16:40:10.614] [INFO   ] thread computer-0 terminated.
[16:40:10.615] [INFO   ] thread Thread-1 terminated.
[16:40:10.615] [INFO   ] thread computer-1 terminated.
[16:40:10.615] [INFO   ] thread Thread-2 terminated.
[16:40:10.616] [INFO   ] thread computer-2 terminated.
[16:40:10.616] [INFO   ] thread Thread-3 terminated.
[16:40:10.616] [INFO   ] thread computer-3 terminated.
[16:40:10.616] [INFO   ] thread Thread-4 terminated.
[16:40:10.616] [INFO   ] thread computer-4 terminated.
[16:40:10.618] [INFO   ] thread Thread-5 terminated.
[16:40:10.618] [INFO   ] thread computer-5 terminated.
[16:40:10.618] [INFO   ] thread Thread-6 terminated.
[16:40:10.620] [SEVERE ] removing tokens from slot 15
[16:40:10.620] [SEVERE ] removing card from slot 15
[16:40:10.633] [SEVERE ] removing tokens from slot 16
[16:40:10.633] [SEVERE ] removing card from slot 16
[16:40:10.644] [SEVERE ] removing tokens from slot 17
[16:40:10.644] [SEVERE ] removing card from slot 17
[16:40:10.655] [SEVERE ] removing tokens from slot 18
[16:40:10.655] [SEVERE ] removing card from slot 18
[16:40:10.666] [SEVERE ] removing tokens from slot 19
[16:40:10.666] [SEVERE ] removing card from slot 19
[16:40:10.668] [SEVERE ] announcing winner(s): player 1, player 2, player 3, player 4, player 5, player 6
[16:40:10.671] [INFO   ] thread dealer terminated.
[16:40:10.671] [SEVERE ] thanks for playing... it was fun!
[16:40:10.672] [INFO   ] thread main terminated.
