[16:38:46.787] [INFO   ] thread main starting.
[16:38:46.797] [SEVERE ] cannot read configuration file config.properties trying from resources.
[16:38:46.800] [SEVERE ] configuration file was loaded from resources directory.
[16:38:47.740] [INFO   ] thread dealer starting.
[16:38:47.741] [INFO   ] thread dealer starting.
[16:38:47.741] [INFO   ] thread Thread-1 starting.
[16:38:47.741] [INFO   ] thread Thread-2 starting.
[16:38:47.863] [SEVERE ] placing card 50 in slot 0
[16:38:47.972] [SEVERE ] placing card 18 in slot 4
[16:38:48.081] [SEVERE ] placing card 49 in slot 8
[16:38:48.190] [SEVERE ] placing card 40 in slot 1
[16:38:48.299] [SEVERE ] placing card 6 in slot 5
[16:38:48.407] [SEVERE ] placing card 53 in slot 9
[16:38:48.517] [SEVERE ] placing card 25 in slot 2
[16:38:48.628] [SEVERE ] placing card 17 in slot 6
[16:38:48.739] [SEVERE ] placing card 33 in slot 10
[16:38:48.849] [SEVERE ] placing card 9 in slot 3
[16:38:48.957] [SEVERE ] placing card 27 in slot 7
[16:38:49.066] [SEVERE ] placing card 74 in slot 11
[16:38:49.068] [SEVERE ] updating countdown to 60950
[16:38:49.175] [SEVERE ] updating countdown to 60850
[16:38:49.286] [SEVERE ] updating countdown to 60750
[16:38:49.394] [SEVERE ] updating countdown to 60650
[16:38:49.503] [SEVERE ] updating countdown to 60550
[16:38:49.613] [SEVERE ] updating countdown to 60450
[16:38:49.721] [SEVERE ] updating countdown to 60350
[16:38:49.832] [SEVERE ] updating countdown to 60250
[16:38:49.941] [SEVERE ] updating countdown to 60150
[16:38:50.052] [SEVERE ] updating countdown to 60050
[16:38:50.131] [SEVERE ] key 81 was pressed by player 1
[16:38:50.131] [SEVERE ] player 1 placing token on slot 0
[16:38:50.160] [SEVERE ] updating countdown to 59950
[16:38:50.232] [SEVERE ] key 87 was pressed by player 1
[16:38:50.232] [SEVERE ] player 1 placing token on slot 1
[16:38:50.270] [SEVERE ] updating countdown to 59850
[16:38:50.291] [SEVERE ] key 69 was pressed by player 1
[16:38:50.291] [SEVERE ] player 1 placing token on slot 2
[16:38:50.292] [SEVERE ] setting player 1 freeze to 3950
[16:38:50.380] [SEVERE ] updating countdown to 59750
[16:38:50.391] [SEVERE ] setting player 1 freeze to 3850
[16:38:50.481] [SEVERE ] updating countdown to 59650
[16:38:50.489] [SEVERE ] setting player 1 freeze to 3750
[16:38:50.581] [SEVERE ] updating countdown to 59550
[16:38:50.588] [SEVERE ] setting player 1 freeze to 3650
[16:38:50.682] [SEVERE ] updating countdown to 59450
[16:38:50.686] [SEVERE ] setting player 1 freeze to 3550
[16:38:50.784] [SEVERE ] updating countdown to 59350
[16:38:50.784] [SEVERE ] setting player 1 freeze to 3450
[16:38:50.883] [SEVERE ] setting player 1 freeze to 3350
[16:38:50.894] [SEVERE ] updating countdown to 59250
[16:38:50.981] [SEVERE ] setting player 1 freeze to 3250
[16:38:50.995] [SEVERE ] updating countdown to 59150
[16:38:51.079] [SEVERE ] setting player 1 freeze to 3150
[16:38:51.095] [SEVERE ] updating countdown to 59050
[16:38:51.178] [SEVERE ] setting player 1 freeze to 3050
[16:38:51.197] [SEVERE ] updating countdown to 58950
[16:38:51.276] [SEVERE ] setting player 1 freeze to 2950
[16:38:51.287] [SEVERE ] key 69 was pressed by player 1
[16:38:51.298] [SEVERE ] updating countdown to 58850
[16:38:51.374] [SEVERE ] setting player 1 freeze to 2850
[16:38:51.399] [SEVERE ] updating countdown to 58750
[16:38:51.472] [SEVERE ] setting player 1 freeze to 2750
[16:38:51.500] [SEVERE ] updating countdown to 58650
[16:38:51.571] [SEVERE ] setting player 1 freeze to 2650
[16:38:51.603] [SEVERE ] updating countdown to 58550
[16:38:51.669] [SEVERE ] setting player 1 freeze to 2550
[16:38:51.704] [SEVERE ] updating countdown to 58450
[16:38:51.768] [SEVERE ] setting player 1 freeze to 2450
[16:38:51.791] [SEVERE ] key 69 was pressed by player 1
[16:38:51.806] [SEVERE ] updating countdown to 58350
[16:38:51.866] [SEVERE ] setting player 1 freeze to 2350
[16:38:51.907] [SEVERE ] updating countdown to 58250
[16:38:51.964] [SEVERE ] setting player 1 freeze to 2250
[16:38:52.009] [SEVERE ] updating countdown to 58150
[16:38:52.017] [SEVERE ] key 69 was pressed by player 1
[16:38:52.062] [SEVERE ] setting player 1 freeze to 2150
[16:38:52.110] [SEVERE ] updating countdown to 58050
[16:38:52.161] [SEVERE ] setting player 1 freeze to 2050
[16:38:52.211] [SEVERE ] updating countdown to 57950
[16:38:52.260] [SEVERE ] setting player 1 freeze to 1950
[16:38:52.314] [SEVERE ] updating countdown to 57850
[16:38:52.358] [SEVERE ] setting player 1 freeze to 1850
[16:38:52.376] [SEVERE ] key 69 was pressed by player 1
[16:38:52.416] [SEVERE ] updating countdown to 57750
[16:38:52.456] [SEVERE ] setting player 1 freeze to 1750
[16:38:52.517] [SEVERE ] updating countdown to 57650
[16:38:52.553] [SEVERE ] setting player 1 freeze to 1650
[16:38:52.618] [SEVERE ] updating countdown to 57550
[16:38:52.619] [SEVERE ] key 69 was pressed by player 1
[16:38:52.652] [SEVERE ] setting player 1 freeze to 1550
[16:38:52.719] [SEVERE ] updating countdown to 57450
[16:38:52.752] [SEVERE ] setting player 1 freeze to 1450
[16:38:52.821] [SEVERE ] updating countdown to 57350
[16:38:52.850] [SEVERE ] setting player 1 freeze to 1350
[16:38:52.922] [SEVERE ] updating countdown to 57250
[16:38:52.948] [SEVERE ] setting player 1 freeze to 1250
[16:38:53.023] [SEVERE ] updating countdown to 57150
[16:38:53.035] [SEVERE ] key 69 was pressed by player 1
[16:38:53.047] [SEVERE ] setting player 1 freeze to 1150
[16:38:53.124] [SEVERE ] updating countdown to 57050
[16:38:53.145] [SEVERE ] setting player 1 freeze to 1050
[16:38:53.225] [SEVERE ] updating countdown to 56950
[16:38:53.243] [SEVERE ] setting player 1 freeze to 0
[16:38:53.327] [SEVERE ] updating countdown to 56850
[16:38:53.439] [SEVERE ] updating countdown to 56750
[16:38:53.548] [SEVERE ] updating countdown to 56650
[16:38:53.655] [SEVERE ] key 69 was pressed by player 1
[16:38:53.656] [SEVERE ] updating countdown to 56550
[16:38:53.656] [SEVERE ] removing player 1 token from slot 2
[16:38:53.763] [SEVERE ] updating countdown to 56450
[16:38:53.873] [SEVERE ] updating countdown to 56350
[16:38:53.975] [SEVERE ] key 87 was pressed by player 1
[16:38:53.975] [SEVERE ] removing player 1 token from slot 1
[16:38:53.982] [SEVERE ] updating countdown to 56250
[16:38:54.090] [SEVERE ] updating countdown to 56150
[16:38:54.199] [SEVERE ] updating countdown to 56050
[16:38:54.253] [SEVERE ] key 81 was pressed by player 1
[16:38:54.254] [SEVERE ] removing player 1 token from slot 0
[16:38:54.308] [SEVERE ] updating countdown to 55950
[16:38:54.417] [SEVERE ] updating countdown to 55850
[16:38:54.526] [SEVERE ] updating countdown to 55750
[16:38:54.636] [SEVERE ] updating countdown to 55650
[16:38:54.746] [SEVERE ] updating countdown to 55550
[16:38:54.748] [SEVERE ] key 81 was pressed by player 1
[16:38:54.748] [SEVERE ] player 1 placing token on slot 0
[16:38:54.855] [SEVERE ] updating countdown to 55450
[16:38:54.874] [SEVERE ] key 87 was pressed by player 1
[16:38:54.875] [SEVERE ] player 1 placing token on slot 1
[16:38:54.930] [SEVERE ] key 69 was pressed by player 1
[16:38:54.931] [SEVERE ] player 1 placing token on slot 2
[16:38:54.933] [SEVERE ] setting player 1 freeze to 3950
[16:38:54.964] [SEVERE ] updating countdown to 55350
[16:38:55.030] [SEVERE ] setting player 1 freeze to 3850
[16:38:55.065] [SEVERE ] updating countdown to 55250
[16:38:55.129] [SEVERE ] setting player 1 freeze to 3750
[16:38:55.168] [SEVERE ] updating countdown to 55150
[16:38:55.227] [SEVERE ] setting player 1 freeze to 3650
[16:38:55.234] [SEVERE ] key 69 was pressed by player 1
[16:38:55.269] [SEVERE ] updating countdown to 55050
[16:38:55.314] [SEVERE ] key 81 was pressed by player 1
[16:38:55.325] [SEVERE ] setting player 1 freeze to 3550
[16:38:55.371] [SEVERE ] updating countdown to 54950
[16:38:55.404] [SEVERE ] key 87 was pressed by player 1
[16:38:55.423] [SEVERE ] setting player 1 freeze to 3450
[16:38:55.431] [SEVERE ] key 76 was pressed by player 2
[16:38:55.431] [SEVERE ] player 2 placing token on slot 6
[16:38:55.472] [SEVERE ] updating countdown to 54850
[16:38:55.479] [SEVERE ] key 75 was pressed by player 2
[16:38:55.480] [SEVERE ] player 2 placing token on slot 5
[16:38:55.511] [SEVERE ] key 69 was pressed by player 1
[16:38:55.521] [SEVERE ] setting player 1 freeze to 3350
[16:38:55.573] [SEVERE ] updating countdown to 54750
[16:38:55.610] [SEVERE ] key 81 was pressed by player 1
[16:38:55.619] [SEVERE ] setting player 1 freeze to 3250
[16:38:55.656] [SEVERE ] key 44 was pressed by player 2
[16:38:55.656] [SEVERE ] player 2 placing token on slot 9
[16:38:55.658] [SEVERE ] setting player 2 freeze to 3950
[16:38:55.671] [SEVERE ] key 87 was pressed by player 1
[16:38:55.674] [SEVERE ] updating countdown to 54650
[16:38:55.718] [SEVERE ] setting player 1 freeze to 3150
[16:38:55.756] [SEVERE ] setting player 2 freeze to 3850
[16:38:55.776] [SEVERE ] updating countdown to 54550
[16:38:55.792] [SEVERE ] key 68 was pressed by player 1
[16:38:55.815] [SEVERE ] setting player 1 freeze to 3050
[16:38:55.854] [SEVERE ] setting player 2 freeze to 3750
[16:38:55.877] [SEVERE ] updating countdown to 54450
[16:38:55.913] [SEVERE ] setting player 1 freeze to 2950
[16:38:55.918] [SEVERE ] key 76 was pressed by player 2
[16:38:55.924] [SEVERE ] key 44 was pressed by player 2
[16:38:55.952] [SEVERE ] setting player 2 freeze to 3650
[16:38:55.978] [SEVERE ] updating countdown to 54350
[16:38:55.979] [SEVERE ] key 81 was pressed by player 1
[16:38:56.011] [SEVERE ] setting player 1 freeze to 2850
[16:38:56.014] [SEVERE ] key 87 was pressed by player 1
[16:38:56.044] [SEVERE ] key 76 was pressed by player 2
[16:38:56.050] [SEVERE ] setting player 2 freeze to 3550
[16:38:56.079] [SEVERE ] updating countdown to 54250
[16:38:56.110] [SEVERE ] setting player 1 freeze to 2750
[16:38:56.134] [SEVERE ] key 44 was pressed by player 2
[16:38:56.149] [SEVERE ] setting player 2 freeze to 3450
[16:38:56.182] [SEVERE ] updating countdown to 54150
[16:38:56.184] [SEVERE ] key 88 was pressed by player 1
[16:38:56.208] [SEVERE ] setting player 1 freeze to 2650
[16:38:56.247] [SEVERE ] setting player 2 freeze to 3350
[16:38:56.282] [SEVERE ] updating countdown to 54050
[16:38:56.285] [SEVERE ] key 81 was pressed by player 1
[16:38:56.306] [SEVERE ] setting player 1 freeze to 2550
[16:38:56.346] [SEVERE ] setting player 2 freeze to 3250
[16:38:56.359] [SEVERE ] key 44 was pressed by player 2
[16:38:56.385] [SEVERE ] updating countdown to 53950
[16:38:56.404] [SEVERE ] setting player 1 freeze to 2450
[16:38:56.444] [SEVERE ] setting player 2 freeze to 3150
[16:38:56.488] [SEVERE ] updating countdown to 53850
[16:38:56.503] [SEVERE ] setting player 1 freeze to 2350
[16:38:56.540] [SEVERE ] key 81 was pressed by player 1
[16:38:56.543] [SEVERE ] setting player 2 freeze to 3050
[16:38:56.570] [SEVERE ] key 44 was pressed by player 2
[16:38:56.589] [SEVERE ] updating countdown to 53750
[16:38:56.601] [SEVERE ] setting player 1 freeze to 2250
[16:38:56.641] [SEVERE ] setting player 2 freeze to 2950
[16:38:56.677] [SEVERE ] key 88 was pressed by player 1
[16:38:56.691] [SEVERE ] updating countdown to 53650
[16:38:56.700] [SEVERE ] setting player 1 freeze to 2150
[16:38:56.739] [SEVERE ] setting player 2 freeze to 2850
[16:38:56.792] [SEVERE ] updating countdown to 53550
[16:38:56.798] [SEVERE ] setting player 1 freeze to 2050
[16:38:56.838] [SEVERE ] setting player 2 freeze to 2750
[16:38:56.841] [SEVERE ] key 44 was pressed by player 2
[16:38:56.893] [SEVERE ] updating countdown to 53450
[16:38:56.896] [SEVERE ] setting player 1 freeze to 1950
[16:38:56.936] [SEVERE ] setting player 2 freeze to 2650
[16:38:56.994] [SEVERE ] setting player 1 freeze to 1850
[16:38:56.994] [SEVERE ] updating countdown to 53350
[16:38:57.034] [SEVERE ] setting player 2 freeze to 2550
[16:38:57.080] [SEVERE ] key 81 was pressed by player 1
[16:38:57.093] [SEVERE ] setting player 1 freeze to 1750
[16:38:57.096] [SEVERE ] updating countdown to 53250
[16:38:57.099] [SEVERE ] key 44 was pressed by player 2
[16:38:57.115] [SEVERE ] key 87 was pressed by player 1
[16:38:57.132] [SEVERE ] setting player 2 freeze to 2450
[16:38:57.191] [SEVERE ] setting player 1 freeze to 1650
[16:38:57.197] [SEVERE ] updating countdown to 53150
[16:38:57.231] [SEVERE ] setting player 2 freeze to 2350
[16:38:57.290] [SEVERE ] setting player 1 freeze to 1550
[16:38:57.298] [SEVERE ] updating countdown to 53050
[16:38:57.329] [SEVERE ] setting player 2 freeze to 2250
[16:38:57.387] [SEVERE ] setting player 1 freeze to 1450
[16:38:57.399] [SEVERE ] updating countdown to 52950
[16:38:57.428] [SEVERE ] setting player 2 freeze to 2150
[16:38:57.486] [SEVERE ] setting player 1 freeze to 1350
[16:38:57.501] [SEVERE ] updating countdown to 52850
[16:38:57.526] [SEVERE ] setting player 2 freeze to 2050
[16:38:57.584] [SEVERE ] setting player 1 freeze to 1250
[16:38:57.602] [SEVERE ] updating countdown to 52750
[16:38:57.625] [SEVERE ] setting player 2 freeze to 1950
[16:38:57.681] [SEVERE ] setting player 1 freeze to 1150
[16:38:57.702] [SEVERE ] updating countdown to 52650
[16:38:57.723] [SEVERE ] setting player 2 freeze to 1850
[16:38:57.779] [SEVERE ] setting player 1 freeze to 1050
[16:38:57.803] [SEVERE ] updating countdown to 52550
[16:38:57.821] [SEVERE ] setting player 2 freeze to 1750
[16:38:57.877] [SEVERE ] setting player 1 freeze to 0
[16:38:57.904] [SEVERE ] updating countdown to 52450
[16:38:57.919] [SEVERE ] setting player 2 freeze to 1650
[16:38:58.005] [SEVERE ] updating countdown to 52350
[16:38:58.017] [SEVERE ] setting player 2 freeze to 1550
[16:38:58.105] [SEVERE ] updating countdown to 52250
[16:38:58.115] [SEVERE ] setting player 2 freeze to 1450
[16:38:58.206] [SEVERE ] updating countdown to 52150
[16:38:58.214] [SEVERE ] setting player 2 freeze to 1350
[16:38:58.308] [SEVERE ] updating countdown to 52050
[16:38:58.314] [SEVERE ] setting player 2 freeze to 1250
[16:38:58.410] [SEVERE ] updating countdown to 51950
[16:38:58.413] [SEVERE ] setting player 2 freeze to 1150
[16:38:58.511] [SEVERE ] updating countdown to 51850
[16:38:58.512] [SEVERE ] setting player 2 freeze to 1050
[16:38:58.610] [SEVERE ] setting player 2 freeze to 0
[16:38:58.612] [SEVERE ] updating countdown to 51750
[16:38:58.720] [SEVERE ] updating countdown to 51650
[16:38:58.830] [SEVERE ] updating countdown to 51550
[16:38:58.940] [SEVERE ] updating countdown to 51450
[16:38:59.049] [SEVERE ] updating countdown to 51350
[16:38:59.158] [SEVERE ] updating countdown to 51250
[16:38:59.266] [SEVERE ] updating countdown to 51150
[16:38:59.375] [SEVERE ] updating countdown to 51050
[16:38:59.484] [SEVERE ] updating countdown to 50950
[16:38:59.593] [SEVERE ] updating countdown to 50850
[16:38:59.701] [SEVERE ] updating countdown to 50750
[16:38:59.809] [SEVERE ] updating countdown to 50650
[16:38:59.919] [SEVERE ] updating countdown to 50550
[16:39:00.028] [SEVERE ] updating countdown to 50450
[16:39:00.137] [SEVERE ] updating countdown to 50350
[16:39:00.244] [SEVERE ] updating countdown to 50250
[16:39:00.354] [SEVERE ] updating countdown to 50150
[16:39:00.501] [SEVERE ] updating countdown to 50050
[16:39:00.651] [SEVERE ] updating countdown to 49950
[16:39:00.762] [SEVERE ] updating countdown to 49850
[16:39:00.872] [SEVERE ] updating countdown to 49750
